<?xml version="1.0" encoding="UTF-8"?>
<!-- Generated by org.testng.reporters.JUnitReportReporter -->
<testsuite hostname="HP-OMEN" failures="0" tests="1" name="rahulAcademy.Appium.DragDropTest" time="7.608" errors="0" timestamp="2024-11-03T20:20:42 CST" skipped="0">
  <testcase classname="rahulAcademy.Appium.DragDropTest" name="DragAndDrop" time="7.608"/>
  <system-out/>
</testsuite> <!-- rahulAcademy.Appium.DragDropTest -->
