<?xml version="1.0" encoding="UTF-8"?>
<!-- Generated by org.testng.reporters.JUnitReportReporter -->
<testsuite hostname="HP-OMEN" failures="0" tests="1" name="rahulAcademy.Appium.eCommerceTests.eCommerce_Tc_2" time="25.032" errors="0" timestamp="2024-11-04T11:41:52 CST" skipped="0">
  <testcase classname="rahulAcademy.Appium.eCommerceTests.eCommerce_Tc_2" name="ScrollingTest" time="25.032"/>
  <system-out/>
</testsuite> <!-- rahulAcademy.Appium.eCommerceTests.eCommerce_Tc_2 -->
