<?xml version="1.0" encoding="UTF-8"?>
<!-- Generated by org.testng.reporters.JUnitReportReporter -->
<testsuite hostname="HP-OMEN" failures="0" tests="1" name="rahulAcademy.Appium.SwipingTest" time="9.172" errors="0" timestamp="2024-11-03T19:51:32 CST" skipped="0">
  <testcase classname="rahulAcademy.Appium.SwipingTest" name="SwipingScreenTest" time="9.172"/>
  <system-out/>
</testsuite> <!-- rahulAcademy.Appium.SwipingTest -->
