<?xml version="1.0" encoding="UTF-8"?>
<!-- Generated by org.testng.reporters.JUnitReportReporter -->
<testsuite hostname="HP-OMEN" failures="0" tests="1" name="rahulAcademy.Appium.ScrollTest" time="31.877" errors="0" timestamp="2024-11-03T10:08:15 CST" skipped="0">
  <testcase classname="rahulAcademy.Appium.ScrollTest" name="ScrollScreenTest" time="31.877"/>
  <system-out/>
</testsuite> <!-- rahulAcademy.Appium.ScrollTest -->
