<?xml version="1.0" encoding="UTF-8"?>
<!-- Generated by org.testng.reporters.JUnitReportReporter -->
<testsuite hostname="HP-OMEN" failures="0" tests="1" name="rahulAcademy.Appium.LongPressTest" time="9.279" errors="0" timestamp="2024-11-03T09:39:14 CST" skipped="0">
  <testcase classname="rahulAcademy.Appium.LongPressTest" name="LongPressGesture" time="9.279"/>
  <system-out/>
</testsuite> <!-- rahulAcademy.Appium.LongPressTest -->
