<?xml version="1.0" encoding="UTF-8"?>
<!-- Generated by org.testng.reporters.JUnitReportReporter -->
<testsuite hostname="HP-OMEN" failures="0" tests="1" name="rahulAcademy.Appium.eCommerceTests.MobileBrowserTest" time="6.434" errors="0" timestamp="2024-11-05T09:20:01 CST" skipped="0">
  <testcase classname="rahulAcademy.Appium.eCommerceTests.MobileBrowserTest" name="BrowserTest" time="6.434"/>
  <system-out/>
</testsuite> <!-- rahulAcademy.Appium.eCommerceTests.MobileBrowserTest -->
