<?xml version="1.0" encoding="UTF-8"?>
<!-- Generated by org.testng.reporters.JUnitReportReporter -->
<testsuite hostname="HP-OMEN" failures="0" tests="1" name="rahulAcademy.Appium.eCommerceTests.eCommerce_Tc_3" time="21.497" errors="0" timestamp="2024-11-04T15:24:26 CST" skipped="0">
  <testcase classname="rahulAcademy.Appium.eCommerceTests.eCommerce_Tc_3" name="TotalAmountTest" time="21.497"/>
  <system-out/>
</testsuite> <!-- rahulAcademy.Appium.eCommerceTests.eCommerce_Tc_3 -->
